
\GLOBAL             

PROJECT: PATCH_TEST2_MFS                

 C O N T R O L   I N F O R M A T I O N

      NUMBER OF NODAL POINTS  . . . . . . . . . . (NUMNP)   =     5

      MAXIMUM DEGREE OF FREEDOM . . . . . . . . . .(NPORMAX)=     6

      NUMBER OF LOAD      . . . . . . . . . . . . (NLOAD)   =     0

      NUMBER OF EBC       . . . . . . . . . . . . (NBOUND)  =     0

      NUMBER OF MATERIAL SET  . . . . . . . . . . (NMAT)    =     1

      NUMBER OF BOUNDARY GROUP . . . . . . . . . .(NBGROUP) =     1

      NUMBER OF ELEMENT GROUP . . . . . . . . . .(NEGROUP)  =     1

      NUMBER OF SURFACE PAIR  . . . . . . . . . .(NSPAIR)   =     0

      DYNAMIC SIMULATION MODE . . . . . . . . . .(DYNAMIC)  =     0

                      0 --- DYNAMIC MODE OFF          
                      1 --- DYNAMIC MODE ON           
      CONTACT SIMULATION MODE . . . . . . . . . .(CONTACT)  =     0

                      0 --- CONTACT MODE OFF          
                      1 --- CONTACT MODE ON           



\NODE               


 N O D A L   P O I N T   D A T A

 INPUT NODAL DATA


  NODE          BOUNDARY                         NODAL POINT                                   NODE
 NUMBER     CONDITION  CODES                     COORDINATES                                GENERATING
                                                                                               CODE
               X    Y    Z               X            Y            Z           NDOF(3,N)        KN
    1          0    0    1              0.000        0.000        0.000       5    6    0         0
    2          0    0    1             10.000        0.000        0.000       6    6    0         0
    3          0    0    1             10.000       10.000        0.000       6    6    0         0
    4          0    0    1              0.000       10.000        0.000       5    5    0         0
    5          0    0    1              5.000        5.000        0.000       6    6    0         0


 GENERATED NODAL DATA


  NODE          BOUNDARY                         NODAL POINT                                   NODE
 NUMBER     CONDITION  CODES                     COORDINATES                                GENERATING
                                                                                               CODE
               X    Y    Z               X            Y            Z           NDOF(3,N)        KN
    1          0    0    1              0.000        0.000        0.000       5    6    0         0
    2          0    0    1             10.000        0.000        0.000       6    6    0         0
    3          0    0    1             10.000       10.000        0.000       6    6    0         0
    4          0    0    1              0.000       10.000        0.000       5    5    0         0
    5          0    0    1              5.000        5.000        0.000       6    6    0         0


 EQUATION NUMBERS

   NODE         DEGREES OF FREEDOM
  NUMBER

     N             X      Y      Z
     1             1      6      0
     2            12     18      0
     3            24     30      0
     4            36     41      0
     5            46     52      0

\MATERIAL           


 M A T E R I A L    D A T A

 INPUT MATERIAL DATA


 SET                        E                PR               DEN              PAR1
NUMBER
     1              2.000E+05             0.300          1560.000             1.000

\ELEMENT            


 E L E M E N T   I N F O R M A T I O N




\QUADS_MFS          

    THE ELELMENT TYPE: QUADS          =    1
               1: PLANE STRAIN            
               2: PLANE STRESS            
    THE MATERIAL SET NUMBER           =    1
    THE NUMBER OF QUADS ELEMENTS      =    5
    THE MAXIMUM ELEMENT ASSOCIATION NUMBER    =    5

 ELEMENT     NODE      IND(2,N)               RAD(3,N)  
 NUMBER-N   NUMBER                 

    1          1          1    2      0.000E+00    1.000E+01    1.000E+01
    2          2          2    2      0.000E+00    1.000E+01    1.000E+01
    3          3          2    2      0.000E+00    1.000E+01    1.000E+01
    4          4          1    1      0.000E+00    1.000E+01    1.000E+01
    5          5          0    0      0.000E+00    5.000E+00    5.000E+00

\BOUNDARY           


 B O U N D A R Y   I N F O R M A T I O N




\LINE               

    THE BOUNDARY TYPE: LINE 
    THE NUMBER OF LINE BOUNDARY  =    4


 BOUNDARY   ELEMENT  ELEMENT  IND(2,N)           FLOAD(2,N)           FUNC(2,N)
 NUMBER-N      I        J       

    1          1        2      2    2      0.000E+00   -2.000E-01      1    1
    2          2        3      2    2      2.000E-01    0.000E+00      1    1
    3          3        4      2    2      0.000E+00    2.000E-01      1    1
    4          4        1      2    2     -2.000E-01    0.000E+00      1    1

\END{INPUT}         
